<?xml version="1.0" encoding="UTF-8"?>
<!-- Generated by org.testng.reporters.JUnitXMLReporter -->
<testsuite ignored="0" hostname="MBP.local" failures="0" tests="3" name="Default test" time="36.716" errors="0" timestamp="2025-02-14T15:18:55 IST">
  <testcase classname="ExtenteReportMethods.UsingListeners" name="main1" time="0.027"/>
  <testcase classname="ExtenteReportMethods.UsingListeners" name="main2" time="0.005"/>
  <testcase classname="ExtenteReportMethods.UsingListeners" name="main3" time="0.003"/>
</testsuite> <!-- Default test -->
