<?xml version="1.0" encoding="UTF-8"?>
<!-- Generated by org.testng.reporters.JUnitXMLReporter -->
<testsuite ignored="0" hostname="MBP.local" failures="0" tests="4" name="Default test" time="45.394" errors="0" timestamp="2025-02-06T13:56:23 IST">
  <testcase classname="TestNGExe.OrangeHRM" name="reciever" time="11.547"/>
  <testcase classname="TestNGExe.OrangeHRM" name="reciever" time="11.053"/>
  <testcase classname="TestNGExe.OrangeHRM" name="reciever" time="11.696"/>
  <testcase classname="TestNGExe.OrangeHRM" name="reciever" time="10.789"/>
</testsuite> <!-- Default test -->
