<?xml version="1.0" encoding="UTF-8"?>
<!-- Generated by org.testng.reporters.JUnitXMLReporter -->
<testsuite ignored="0" hostname="MBP.local" failures="1" tests="5" name="Test" time="23.415" errors="0" timestamp="2025-02-15T14:16:31 IST">
  <testcase classname="ExtenteReportMethods.UsingListeners" name="main1" time="0.02"/>
  <testcase classname="ExtenteReportMethods.UsingListeners" name="main2" time="0.004"/>
  <testcase classname="ExtenteReportMethods.UsingListeners" name="main3" time="0.002"/>
  <testcase classname="ExtenteReportMethods.UsingListeners" name="main4" time="1.015">
    <failure type="org.testng.internal.thread.ThreadTimeoutException" message="Method ExtenteReportMethods.UsingListeners.main4() didn&amp;apos;t finish within the time-out 1000">
      <![CDATA[org.testng.internal.thread.ThreadTimeoutException: Method ExtenteReportMethods.UsingListeners.main4() didn't finish within the time-out 1000
at java.base/java.lang.Thread.sleepNanos0(Native Method)
at java.base/java.lang.Thread.sleepNanos(Thread.java:496)
at java.base/java.lang.Thread.sleep(Thread.java:527)
at ExtenteReportMethods.UsingListeners.main4(UsingListeners.java:32)
at java.base/java.util.concurrent.FutureTask.run(FutureTask.java:317)
at java.base/java.util.concurrent.ThreadPoolExecutor.runWorker(ThreadPoolExecutor.java:1144)
at java.base/java.util.concurrent.ThreadPoolExecutor$Worker.run(ThreadPoolExecutor.java:642)
at java.base/java.lang.Thread.run(Thread.java:1575)
... Removed 6 stack frames]]>
    </failure>
  </testcase> <!-- main4 -->
  <testcase classname="ExtenteReportMethods.UsingListeners" name="main5" time="0.001">
    <skipped/>
  </testcase> <!-- main5 -->
</testsuite> <!-- Test -->
