<?xml version="1.0" encoding="UTF-8"?>
<testng-results ignored="0" total="1" passed="1" failed="0" skipped="0">
  <reporter-output>
    <line>
      <![CDATA[onStart]]>
    </line>
    <line>
      <![CDATA[onTestStart for - digitalDownload]]>
    </line>
    <line>
      <![CDATA[Product is successfully added]]>
    </line>
    <line>
      <![CDATA[onTestSuccess for - digitalDownload]]>
    </line>
  </reporter-output>
  <suite started-at="2025-02-13T14:21:45 IST" name="Default suite" finished-at="2025-02-13T14:22:09 IST" duration-ms="24470">
    <groups>
    </groups>
    <test started-at="2025-02-13T14:21:45 IST" name="Default test" finished-at="2025-02-13T14:22:09 IST" duration-ms="24470">
      <class name="Listeners.FailedTestCaseScreenShot">
        <test-method is-config="true" signature="preCondition()[pri:0, instance:Listeners.FailedTestCaseScreenShot@1922e6d]" started-at="2025-02-13T14:21:45 IST" name="preCondition" finished-at="2025-02-13T14:21:54 IST" duration-ms="9067" status="PASS">
          <reporter-output>
          </reporter-output>
        </test-method> <!-- preCondition -->
        <test-method is-config="true" signature="login()[pri:0, instance:Listeners.FailedTestCaseScreenShot@1922e6d]" started-at="2025-02-13T14:21:54 IST" name="login" finished-at="2025-02-13T14:21:59 IST" duration-ms="5536" status="PASS">
          <reporter-output>
          </reporter-output>
        </test-method> <!-- login -->
        <test-method signature="digitalDownload()[pri:0, instance:Listeners.FailedTestCaseScreenShot@1922e6d]" started-at="2025-02-13T14:21:59 IST" name="digitalDownload" finished-at="2025-02-13T14:22:08 IST" duration-ms="8699" status="PASS">
          <reporter-output>
            <line>
              <![CDATA[onTestStart for - digitalDownload]]>
            </line>
            <line>
              <![CDATA[Product is successfully added]]>
            </line>
            <line>
              <![CDATA[onTestSuccess for - digitalDownload]]>
            </line>
          </reporter-output>
        </test-method> <!-- digitalDownload -->
        <test-method is-config="true" signature="logOut()[pri:0, instance:Listeners.FailedTestCaseScreenShot@1922e6d]" started-at="2025-02-13T14:22:08 IST" name="logOut" finished-at="2025-02-13T14:22:09 IST" duration-ms="1028" status="PASS">
          <reporter-output>
          </reporter-output>
        </test-method> <!-- logOut -->
        <test-method is-config="true" signature="postCondtion()[pri:0, instance:Listeners.FailedTestCaseScreenShot@1922e6d]" started-at="2025-02-13T14:22:09 IST" name="postCondtion" finished-at="2025-02-13T14:22:09 IST" duration-ms="102" status="PASS">
          <reporter-output>
          </reporter-output>
        </test-method> <!-- postCondtion -->
      </class> <!-- Listeners.FailedTestCaseScreenShot -->
    </test> <!-- Default test -->
  </suite> <!-- Default suite -->
</testng-results>
