<?xml version="1.0" encoding="UTF-8"?>
<testng-results ignored="0" total="3" passed="3" failed="0" skipped="0">
  <reporter-output>
    <line>
      <![CDATA[onStart]]>
    </line>
    <line>
      <![CDATA[Main1 executed.]]>
    </line>
    <line>
      <![CDATA[Main2 executed.]]>
    </line>
    <line>
      <![CDATA[Main3 executed.]]>
    </line>
  </reporter-output>
  <suite started-at="2025-02-14T15:18:18 IST" name="Default suite" finished-at="2025-02-14T15:18:55 IST" duration-ms="36716">
    <groups>
    </groups>
    <test started-at="2025-02-14T15:18:18 IST" name="Default test" finished-at="2025-02-14T15:18:55 IST" duration-ms="36716">
      <class name="ExtenteReportMethods.UsingListeners">
        <test-method is-config="true" signature="preCondition()[pri:0, instance:ExtenteReportMethods.UsingListeners@7997b197]" started-at="2025-02-14T15:18:18 IST" name="preCondition" finished-at="2025-02-14T15:18:25 IST" duration-ms="6550" status="PASS">
          <reporter-output>
          </reporter-output>
        </test-method> <!-- preCondition -->
        <test-method is-config="true" signature="login()[pri:0, instance:ExtenteReportMethods.UsingListeners@7997b197]" started-at="2025-02-14T15:18:25 IST" name="login" finished-at="2025-02-14T15:18:32 IST" duration-ms="7675" status="PASS">
          <reporter-output>
          </reporter-output>
        </test-method> <!-- login -->
        <test-method signature="main1()[pri:0, instance:ExtenteReportMethods.UsingListeners@7997b197]" started-at="2025-02-14T15:18:32 IST" name="main1" finished-at="2025-02-14T15:18:32 IST" duration-ms="27" status="PASS">
          <reporter-output>
            <line>
              <![CDATA[Main1 executed.]]>
            </line>
          </reporter-output>
        </test-method> <!-- main1 -->
        <test-method is-config="true" signature="logOut()[pri:0, instance:ExtenteReportMethods.UsingListeners@7997b197]" started-at="2025-02-14T15:18:32 IST" name="logOut" finished-at="2025-02-14T15:18:35 IST" duration-ms="2286" status="PASS">
          <reporter-output>
          </reporter-output>
        </test-method> <!-- logOut -->
        <test-method is-config="true" signature="login()[pri:0, instance:ExtenteReportMethods.UsingListeners@7997b197]" started-at="2025-02-14T15:18:35 IST" name="login" finished-at="2025-02-14T15:18:43 IST" duration-ms="8466" status="PASS">
          <reporter-output>
          </reporter-output>
        </test-method> <!-- login -->
        <test-method signature="main2()[pri:0, instance:ExtenteReportMethods.UsingListeners@7997b197]" started-at="2025-02-14T15:18:43 IST" name="main2" finished-at="2025-02-14T15:18:43 IST" duration-ms="5" status="PASS">
          <reporter-output>
            <line>
              <![CDATA[Main2 executed.]]>
            </line>
          </reporter-output>
        </test-method> <!-- main2 -->
        <test-method is-config="true" signature="logOut()[pri:0, instance:ExtenteReportMethods.UsingListeners@7997b197]" started-at="2025-02-14T15:18:43 IST" name="logOut" finished-at="2025-02-14T15:18:45 IST" duration-ms="2295" status="PASS">
          <reporter-output>
          </reporter-output>
        </test-method> <!-- logOut -->
        <test-method is-config="true" signature="login()[pri:0, instance:ExtenteReportMethods.UsingListeners@7997b197]" started-at="2025-02-14T15:18:45 IST" name="login" finished-at="2025-02-14T15:18:52 IST" duration-ms="6445" status="PASS">
          <reporter-output>
          </reporter-output>
        </test-method> <!-- login -->
        <test-method signature="main3()[pri:0, instance:ExtenteReportMethods.UsingListeners@7997b197]" started-at="2025-02-14T15:18:52 IST" name="main3" finished-at="2025-02-14T15:18:52 IST" duration-ms="3" status="PASS">
          <reporter-output>
            <line>
              <![CDATA[Main3 executed.]]>
            </line>
          </reporter-output>
        </test-method> <!-- main3 -->
        <test-method is-config="true" signature="logOut()[pri:0, instance:ExtenteReportMethods.UsingListeners@7997b197]" started-at="2025-02-14T15:18:52 IST" name="logOut" finished-at="2025-02-14T15:18:54 IST" duration-ms="2559" status="PASS">
          <reporter-output>
          </reporter-output>
        </test-method> <!-- logOut -->
        <test-method is-config="true" signature="postCondtion()[pri:0, instance:ExtenteReportMethods.UsingListeners@7997b197]" started-at="2025-02-14T15:18:55 IST" name="postCondtion" finished-at="2025-02-14T15:18:55 IST" duration-ms="119" status="PASS">
          <reporter-output>
          </reporter-output>
        </test-method> <!-- postCondtion -->
      </class> <!-- ExtenteReportMethods.UsingListeners -->
    </test> <!-- Default test -->
  </suite> <!-- Default suite -->
</testng-results>
